Using pre-set license
Built from '2021.1/staging' branch; Version is '2021.1.3f1 (4bef613afd59) revision 4976481'; Using compiler version '192528614'; Build Type 'Release'
OS: 'Windows 10 Home; OS build 19045.2604; Version 2009; 64bit' Language: 'en' Physical Memory: 32678 MB
BatchMode: 1, IsHumanControllingUs: 0, StartBugReporterOnCrash: 0, Is64bit: 1, IsPro: 0

 COMMAND LINE ARGUMENTS:
C:\Program Files\Unity\Hub\Editor\2021.1.3f1\Editor\Unity.exe
-adb2
-batchMode
-noUpm
-name
AssetImportWorker0
-projectPath
C:/Users/Curtis/Documents/GitHub/MechRogue3D/MechRouge3D
-logFile
Logs/AssetImportWorker0.log
-srvPort
53708
Successfully changed project path to: C:/Users/Curtis/Documents/GitHub/MechRogue3D/MechRouge3D
C:/Users/Curtis/Documents/GitHub/MechRogue3D/MechRouge3D
Using Asset Import Pipeline V2.
Refreshing native plugins compatible for Editor in 92.36 ms, found 1 plugins.
Preloading 0 native plugins for Editor in 0.00 ms.
Initialize engine version: 2021.1.3f1 (4bef613afd59)
[Subsystems] Discovering subsystems at path C:/Program Files/Unity/Hub/Editor/2021.1.3f1/Editor/Data/Resources/UnitySubsystems
[Subsystems] Discovering subsystems at path C:/Users/Curtis/Documents/GitHub/MechRogue3D/MechRouge3D/Assets
GfxDevice: creating device client; threaded=0; jobified=0
Direct3D:
    Version:  Direct3D 11.0 [level 11.1]
    Renderer: NVIDIA GeForce GTX 1080 (ID=0x1b80)
    Vendor:   NVIDIA
    VRAM:     8079 MB
    Driver:   31.0.15.1694
Initialize mono
Mono path[0] = 'C:/Program Files/Unity/Hub/Editor/2021.1.3f1/Editor/Data/Managed'
Mono path[1] = 'C:/Program Files/Unity/Hub/Editor/2021.1.3f1/Editor/Data/MonoBleedingEdge/lib/mono/unityjit'
Mono config path = 'C:/Program Files/Unity/Hub/Editor/2021.1.3f1/Editor/Data/MonoBleedingEdge/etc'
Using monoOptions --debugger-agent=transport=dt_socket,embedding=1,server=y,suspend=n,address=127.0.0.1:56200
Begin MonoManager ReloadAssembly
Registering precompiled unity dll's ...
Register platform support module: C:/Program Files/Unity/Hub/Editor/2021.1.3f1/Editor/Data/PlaybackEngines/WindowsStandaloneSupport/UnityEditor.WindowsStandalone.Extensions.dll
Registered in 0.002489 seconds.
Native extension for WindowsStandalone target not found
Refreshing native plugins compatible for Editor in 101.54 ms, found 1 plugins.
Preloading 0 native plugins for Editor in 0.00 ms.
Mono: successfully reloaded assembly
- Completed reload, in  1.429 seconds
Platform modules already initialized, skipping
Registering precompiled user dll's ...
Registered in 0.004003 seconds.
Begin MonoManager ReloadAssembly
Native extension for WindowsStandalone target not found
Refreshing native plugins compatible for Editor in 0.74 ms, found 1 plugins.
Preloading 0 native plugins for Editor in 0.00 ms.
Mono: successfully reloaded assembly
- Completed reload, in  1.303 seconds
Platform modules already initialized, skipping
========================================================================
Worker process is ready to serve import requests
Launched and connected shader compiler UnityShaderCompiler.exe after 0.04 seconds
Refreshing native plugins compatible for Editor in 0.70 ms, found 1 plugins.
Preloading 0 native plugins for Editor in 0.00 ms.
Unloading 3126 Unused Serialized files (Serialized files now loaded: 0)
System memory in use before: 118.9 MB.
System memory in use after: 119.2 MB.

Unloading 95 unused Assets to reduce memory usage. Loaded Objects now: 3562.
Total: 2.811500 ms (FindLiveObjects: 0.279300 ms CreateObjectMapping: 0.133900 ms MarkObjects: 2.175900 ms  DeleteObjects: 0.221000 ms)

========================================================================
Received Import Request.
  path: Assets/MyAssests/Scripts/Modifier.cs
  artifactKey: Guid(0981d2c9edab50741bbc1c19ebe2d460) Importer(815301076,1909f56bfc062723c751e8b465ee728b)
Start importing Assets/MyAssests/Scripts/Modifier.cs using Guid(0981d2c9edab50741bbc1c19ebe2d460) Importer(815301076,1909f56bfc062723c751e8b465ee728b)  -> (artifact id: '1d75e3645e62727553ace7a3510f03fd') in 0.040344 seconds 
AssetImportWorkerClient::OnTransportError - code=2 error=End of file
